Mdi:FullSize
Mdi:ArrangeIcons
wm geometry . 900x785+-9+77
Mdi:ArrangeIcons
wm geometry . 900x785+-6+77
Mdi:ArrangeIcons
wm geometry . 900x785+-1+76
Mdi:ArrangeIcons
wm geometry . 900x785+3+75
Mdi:ArrangeIcons
wm geometry . 900x785+7+73
Mdi:ArrangeIcons
wm geometry . 900x785+12+71
Mdi:ArrangeIcons
wm geometry . 900x785+16+70
Mdi:ArrangeIcons
wm geometry . 900x785+19+70
Mdi:ArrangeIcons
wm geometry . 900x785+22+69
Mdi:ArrangeIcons
wm geometry . 900x785+25+68
Mdi:ArrangeIcons
wm geometry . 900x785+28+67
Mdi:ArrangeIcons
wm geometry . 900x785+31+67
Mdi:ArrangeIcons
wm geometry . 900x785+33+67
Mdi:ArrangeIcons
wm geometry . 900x785+36+66
Mdi:ArrangeIcons
wm geometry . 900x785+37+66
Mdi:ArrangeIcons
wm geometry . 900x785+38+65
Mdi:ArrangeIcons
wm geometry . 900x785+39+65
Mdi:ArrangeIcons
wm geometry . 900x785+41+64
Mdi:ArrangeIcons
wm geometry . 900x785+43+63
Mdi:ArrangeIcons
wm geometry . 900x785+44+63
Mdi:ArrangeIcons
wm geometry . 900x785+45+63
Mdi:ArrangeIcons
wm geometry . 900x785+46+62
Mdi:ArrangeIcons
wm geometry . 900x785+47+62
Mdi:ArrangeIcons
wm geometry . 900x785+47+61
Mdi:ArrangeIcons
wm geometry . 900x785+46+61
Mdi:ArrangeIcons
wm geometry . 900x785+45+61
Mdi:ArrangeIcons
wm geometry . 900x785+43+60
Mdi:ArrangeIcons
wm geometry . 900x785+42+59
Mdi:ArrangeIcons
wm geometry . 900x785+41+58
Mdi:ArrangeIcons
wm geometry . 900x785+40+58
Mdi:ArrangeIcons
wm geometry . 900x785+39+57
Mdi:ArrangeIcons
wm geometry . 900x785+38+56
Mdi:ArrangeIcons
wm geometry . 900x785+36+55
Mdi:ArrangeIcons
wm geometry . 900x785+35+54
Mdi:ArrangeIcons
wm geometry . 900x785+34+54
Mdi:ArrangeIcons
wm geometry . 900x785+33+53
Mdi:ArrangeIcons
wm geometry . 900x785+32+53
Mdi:ArrangeIcons
wm geometry . 900x785+31+52
Mdi:ArrangeIcons
wm geometry . 900x785+30+50
Mdi:ArrangeIcons
wm geometry . 900x785+30+49
Mdi:ArrangeIcons
wm geometry . 900x785+30+48
Mdi:ArrangeIcons
wm geometry . 900x785+29+47
Mdi:ArrangeIcons
wm geometry . 900x785+29+46
Mdi:ArrangeIcons
wm geometry . 900x785+29+45
Mdi:ArrangeIcons
wm geometry . 900x785+29+44
Mdi:ArrangeIcons
wm geometry . 900x785+28+43
Mdi:ArrangeIcons
wm geometry . 900x785+28+42
Mdi:ArrangeIcons
wm geometry . 900x785+28+41
Mdi:ArrangeIcons
wm geometry . 900x785+27+38
Mdi:ArrangeIcons
wm geometry . 900x785+27+34
Mdi:ArrangeIcons
wm geometry . 900x785+27+31
Mdi:ArrangeIcons
wm geometry . 900x785+27+27
Mdi:ArrangeIcons
wm geometry . 900x785+27+24
Mdi:ArrangeIcons
wm geometry . 900x785+28+24
Mdi:ArrangeIcons
wm geometry . 903x789+28+24
Mdi:ArrangeIcons
wm geometry . 922x815+28+24
Mdi:ArrangeIcons
wm geometry . 938x837+28+24
Mdi:ArrangeIcons
wm geometry . 976x895+28+24
Mdi:ArrangeIcons
wm geometry . 1014x951+28+24
Mdi:ArrangeIcons
wm geometry . 1042x997+28+24
Mdi:ArrangeIcons
wm geometry . 1066x1035+28+24
Mdi:ArrangeIcons
wm geometry . 1092x1075+28+24
Mdi:ArrangeIcons
wm geometry . 1128x1131+28+24
Mdi:ArrangeIcons
wm geometry . 1168x1199+28+24
Mdi:ArrangeIcons
wm geometry . 1204x1267+28+24
Mdi:ArrangeIcons
wm geometry . 1234x1331+28+24
Mdi:ArrangeIcons
wm geometry . 1262x1385+28+24
Mdi:ArrangeIcons
wm geometry . 1286x1427+28+24
Mdi:ArrangeIcons
wm geometry . 1315x1477+28+24
Mdi:ArrangeIcons
wm geometry . 1337x1517+28+24
Mdi:ArrangeIcons
wm geometry . 1363x1565+28+24
Mdi:ArrangeIcons
wm geometry . 1387x1613+28+24
Mdi:ArrangeIcons
wm geometry . 1411x1661+28+24
Mdi:ArrangeIcons
wm geometry . 1433x1701+28+24
Mdi:ArrangeIcons
wm geometry . 1459x1737+28+24
Mdi:ArrangeIcons
wm geometry . 1482x1768+28+24
Mdi:ArrangeIcons
wm geometry . 1514x1800+28+24
Mdi:ArrangeIcons
wm geometry . 1546x1836+28+24
Mdi:ArrangeIcons
wm geometry . 1580x1868+28+24
Mdi:ArrangeIcons
wm geometry . 1616x1896+28+24
Mdi:ArrangeIcons
wm geometry . 1676x1938+28+24
Mdi:ArrangeIcons
wm geometry . 1709x1955+28+24
Mdi:ArrangeIcons
wm geometry . 1733x1967+28+24
Mdi:ArrangeIcons
wm geometry . 1757x1979+28+24
Mdi:ArrangeIcons
wm geometry . 1785x1987+28+24
Mdi:ArrangeIcons
wm geometry . 1813x1998+28+24
Mdi:ArrangeIcons
wm geometry . 1840x2005+28+24
Mdi:ArrangeIcons
wm geometry . 1870x2010+28+24
Mdi:ArrangeIcons
wm geometry . 1897x2015+28+24
Mdi:ArrangeIcons
wm geometry . 1926x2020+28+24
Mdi:ArrangeIcons
wm geometry . 1948x2023+28+24
Mdi:ArrangeIcons
wm geometry . 1983x2033+28+24
Mdi:ArrangeIcons
wm geometry . 2008x2039+28+24
Mdi:ArrangeIcons
wm geometry . 2030x2046+28+24
Mdi:ArrangeIcons
wm geometry . 2056x2052+28+24
Mdi:ArrangeIcons
wm geometry . 2100x2058+28+24
Mdi:ArrangeIcons
wm geometry . 2134x2058+28+24
Mdi:ArrangeIcons
wm geometry . 2163x2058+28+24
Mdi:ArrangeIcons
wm geometry . 2173x2058+28+24
Mdi:ArrangeIcons
wm geometry . 2176x2058+28+24
Mdi:ArrangeIcons
wm geometry . 2177x2058+28+24
Mdi:ArrangeIcons
wm geometry . 2178x2058+28+24
Mdi:ArrangeIcons
wm geometry . 2179x2058+28+24
Mdi:ArrangeIcons
wm geometry . 2185x2046+28+24
Mdi:ArrangeIcons
wm geometry . 2187x2043+28+24
Mdi:ArrangeIcons
wm geometry . 2188x2041+28+24
Mdi:ArrangeIcons
wm geometry . 2191x2038+28+24
Mdi:ArrangeIcons
wm geometry . 2194x2036+28+24
Mdi:ArrangeIcons
wm geometry . 2196x2034+28+24
Mdi:ArrangeIcons
wm geometry . 2198x2032+28+24
Mdi:ArrangeIcons
wm geometry . 2199x2031+28+24
Mdi:ArrangeIcons
wm geometry . 2200x2031+28+24
ScopeSigMgr:loadpffile /groupspace/shared/e/ece555-xorcist/ece555/ECE555_xorcist/ADDR2_OPT/sim/test.tr0 1 openonly
# PF:1
wm geometry .sigmgr._PF:1 290x358+1920+1080
wm geometry .sigmgr._PF:1 290x358+1910+1069
wm geometry .sigmgr._PF:1 290x358+1909+1064
wm geometry .sigmgr._PF:1 290x358+1908+1047
wm geometry .sigmgr._PF:1 290x358+1903+1031
wm geometry .sigmgr._PF:1 290x358+1897+1016
wm geometry .sigmgr._PF:1 290x358+1892+1001
wm geometry .sigmgr._PF:1 290x358+1886+985
wm geometry .sigmgr._PF:1 290x358+1880+969
wm geometry .sigmgr._PF:1 290x358+1873+953
wm geometry .sigmgr._PF:1 290x358+1864+931
wm geometry .sigmgr._PF:1 290x358+1854+902
wm geometry .sigmgr._PF:1 290x358+1839+874
wm geometry .sigmgr._PF:1 290x358+1832+858
wm geometry .sigmgr._PF:1 290x358+1825+848
wm geometry .sigmgr._PF:1 290x358+1822+842
wm geometry .sigmgr._PF:1 290x358+1822+840
wm geometry .sigmgr._PF:1 290x358+1821+840
wm geometry .sigmgr._PF:1 290x358+1821+839
wm geometry .sigmgr._PF:1 290x358+1821+838
wm geometry .sigmgr._PF:1 291x361+1821+838
wm geometry .sigmgr._PF:1 294x370+1821+838
wm geometry .sigmgr._PF:1 300x386+1821+838
wm geometry .sigmgr._PF:1 308x411+1821+838
wm geometry .sigmgr._PF:1 317x434+1821+838
wm geometry .sigmgr._PF:1 329x456+1821+838
wm geometry .sigmgr._PF:1 342x478+1821+838
wm geometry .sigmgr._PF:1 356x497+1821+838
wm geometry .sigmgr._PF:1 371x518+1821+838
wm geometry .sigmgr._PF:1 385x536+1821+838
wm geometry .sigmgr._PF:1 393x548+1821+838
wm geometry .sigmgr._PF:1 402x560+1821+838
wm geometry .sigmgr._PF:1 408x570+1821+838
wm geometry .sigmgr._PF:1 414x576+1821+838
wm geometry .sigmgr._PF:1 418x581+1821+838
wm geometry .sigmgr._PF:1 424x591+1821+838
wm geometry .sigmgr._PF:1 433x603+1821+838
wm geometry .sigmgr._PF:1 441x615+1821+838
wm geometry .sigmgr._PF:1 452x627+1821+838
wm geometry .sigmgr._PF:1 466x645+1821+838
wm geometry .sigmgr._PF:1 483x666+1821+838
wm geometry .sigmgr._PF:1 496x681+1821+838
wm geometry .sigmgr._PF:1 503x691+1821+838
wm geometry .sigmgr._PF:1 510x703+1821+838
wm geometry .sigmgr._PF:1 515x714+1821+838
wm geometry .sigmgr._PF:1 516x721+1821+838
wm geometry .sigmgr._PF:1 517x727+1821+838
wm geometry .sigmgr._PF:1 518x731+1821+838
wm geometry .sigmgr._PF:1 518x735+1821+838
wm geometry .sigmgr._PF:1 518x737+1821+838
wm geometry .sigmgr._PF:1 518x739+1821+838
pf:read PF:1 v(a<0>) v(a<1>) v(b<0>) v(b<1>) v(cout) v(s<0>) v(s<1>)
# WF:1:1 WF:1:2 WF:1:3 WF:1:4 WF:1:5 WF:1:6 WF:1:7
Graph addsignal {WF:1:1 WF:1:2 WF:1:3 WF:1:4 WF:1:5 WF:1:6 WF:1:7} -region {new new new new new new new} -yview {real(y) real(y) real(y) real(y) real(y) real(y) real(y)} -xview {real(x) real(x) real(x) real(x) real(x) real(x) real(x)} -tracehi {2 2 2 2 2 2 2}
# Signal0 Signal1 Signal2 Signal3 Signal4 Signal5 Signal6
wm geometry .sigmgr 467x236+1757+143
wm geometry .sigmgr 467x236+1771+143
wm geometry .sigmgr 467x236+1809+151
wm geometry .sigmgr 467x236+1869+159
wm geometry .sigmgr 467x236+1945+165
wm geometry .sigmgr 467x236+2029+167
wm geometry .sigmgr 467x236+2111+169
wm geometry .sigmgr 467x236+2193+169
wm geometry .sigmgr 467x236+2269+169
wm geometry .sigmgr 467x236+2343+167
wm geometry .sigmgr 467x236+2411+167
wm geometry .sigmgr 467x236+2491+167
wm geometry .sigmgr 467x236+2533+163
wm geometry .sigmgr 467x236+2564+158
wm geometry .sigmgr 467x236+2584+156
wm geometry .sigmgr 467x236+2592+156
wm geometry .sigmgr 467x236+2602+156
wm geometry .sigmgr 467x236+2610+156
wm geometry .sigmgr 467x236+2616+156
wm geometry .sigmgr 467x236+2624+156
wm geometry .sigmgr 467x236+2635+156
wm geometry .sigmgr 467x236+2644+156
wm geometry .sigmgr 467x236+2648+156
wm geometry .sigmgr 467x236+2648+157
wm geometry .sigmgr._PF:1 518x739+1825+838
wm geometry .sigmgr._PF:1 518x739+1834+839
wm geometry .sigmgr._PF:1 518x739+1849+839
wm geometry .sigmgr._PF:1 518x739+1890+839
wm geometry .sigmgr._PF:1 518x739+1952+839
wm geometry .sigmgr._PF:1 518x739+2026+835
wm geometry .sigmgr._PF:1 518x739+2114+823
wm geometry .sigmgr._PF:1 518x739+2214+801
wm geometry .sigmgr._PF:1 518x739+2314+773
wm geometry .sigmgr._PF:1 518x739+2406+743
wm geometry .sigmgr._PF:1 518x739+2494+711
wm geometry .sigmgr._PF:1 518x739+2610+661
wm geometry .sigmgr._PF:1 518x739+2666+633
wm geometry .sigmgr._PF:1 518x739+2718+607
wm geometry .sigmgr._PF:1 518x739+2768+585
wm geometry .sigmgr._PF:1 518x739+2796+572
wm geometry .sigmgr._PF:1 518x739+2818+561
wm geometry .sigmgr._PF:1 518x739+2842+549
wm geometry .sigmgr._PF:1 518x739+2857+540
wm geometry .sigmgr._PF:1 518x739+2865+535
wm geometry .sigmgr._PF:1 518x739+2869+532
wm geometry .sigmgr._PF:1 518x739+2871+530
wm geometry .sigmgr._PF:1 518x739+2873+529
wm geometry .sigmgr._PF:1 518x739+2880+524
wm geometry .sigmgr._PF:1 518x739+2884+521
wm geometry .sigmgr._PF:1 518x739+2889+518
wm geometry .sigmgr._PF:1 518x739+2893+515
wm geometry .sigmgr._PF:1 518x739+2897+512
wm geometry .sigmgr._PF:1 518x739+2902+508
wm geometry .sigmgr._PF:1 518x739+2906+505
wm geometry .sigmgr._PF:1 518x739+2910+502
wm geometry .sigmgr._PF:1 518x739+2911+502
Mdi:ArrangeIcons
wm geometry . 2200x2031+30+24
Mdi:ArrangeIcons
wm geometry . 2200x2031+89+51
Mdi:ArrangeIcons
wm geometry . 2200x2031+183+87
Mdi:ArrangeIcons
wm geometry . 2200x2031+301+119
Mdi:ArrangeIcons
wm geometry . 2200x2031+435+141
Mdi:ArrangeIcons
wm geometry . 2200x2031+545+157
Mdi:ArrangeIcons
wm geometry . 2200x2031+615+161
Mdi:ArrangeIcons
wm geometry . 2200x2031+713+159
Mdi:ArrangeIcons
wm geometry . 2200x2031+750+157
Mdi:ArrangeIcons
wm geometry . 2200x2031+774+154
Mdi:ArrangeIcons
wm geometry . 2200x2031+794+151
Mdi:ArrangeIcons
wm geometry . 2200x2031+815+148
Mdi:ArrangeIcons
wm geometry . 2200x2031+829+143
Mdi:ArrangeIcons
wm geometry . 2200x2031+834+138
Mdi:ArrangeIcons
wm geometry . 2200x2031+845+127
Mdi:ArrangeIcons
wm geometry . 2200x2031+862+107
Mdi:ArrangeIcons
wm geometry . 2200x2031+876+90
Mdi:ArrangeIcons
wm geometry . 2200x2031+899+60
Mdi:ArrangeIcons
wm geometry . 2200x2031+907+38
Mdi:ArrangeIcons
wm geometry . 2200x2031+910+28
Mdi:ArrangeIcons
wm geometry . 2200x2031+908+24
Mdi:ArrangeIcons
wm geometry . 2200x2031+900+24
Mdi:ArrangeIcons
wm geometry . 2200x2031+878+24
Mdi:ArrangeIcons
wm geometry . 2200x2031+829+24
Mdi:ArrangeIcons
wm geometry . 2200x2031+771+24
Mdi:ArrangeIcons
wm geometry . 2200x2031+709+24
Mdi:ArrangeIcons
wm geometry . 2200x2031+649+24
Mdi:ArrangeIcons
wm geometry . 2200x2031+615+24
Mdi:ArrangeIcons
wm geometry . 2200x2031+597+24
Mdi:ArrangeIcons
wm geometry . 2200x2031+582+24
Mdi:ArrangeIcons
wm geometry . 2200x2031+571+24
Mdi:ArrangeIcons
wm geometry . 2200x2031+563+24
Mdi:ArrangeIcons
wm geometry . 2200x2031+556+24
Mdi:ArrangeIcons
wm geometry . 2200x2031+547+24
Mdi:ArrangeIcons
wm geometry . 2200x2031+541+24
Mdi:ArrangeIcons
wm geometry . 2200x2031+536+24
Mdi:ArrangeIcons
wm geometry . 2200x2031+533+24
Mdi:ArrangeIcons
wm geometry . 2200x2031+531+24
Mdi:ArrangeIcons
wm geometry . 2200x2031+529+24
Mdi:ArrangeIcons
wm geometry . 2200x2031+527+24
Mdi:ArrangeIcons
wm geometry . 2200x2031+525+24
Mdi:ArrangeIcons
wm geometry . 2200x2031+520+24
Mdi:ArrangeIcons
wm geometry . 2200x2031+519+24
Mdi:ArrangeIcons
wm geometry . 2200x2031+518+24
Mdi:ArrangeIcons
wm geometry . 3840x2058+0+32
wm geometry .sigmgr 467x236+2644+155
wm geometry .sigmgr 467x236+2640+153
wm geometry .sigmgr 467x236+2638+152
wm geometry .sigmgr 467x236+2635+150
wm geometry .sigmgr 467x236+2632+149
wm geometry .sigmgr 467x236+2631+149
wm geometry .sigmgr 467x236+2627+148
wm geometry .sigmgr 467x236+2620+145
wm geometry .sigmgr 467x236+2603+138
wm geometry .sigmgr 467x236+2583+130
wm geometry .sigmgr 467x236+2553+116
wm geometry .sigmgr 467x236+2507+96
wm geometry .sigmgr 467x236+2451+76
wm geometry .sigmgr 467x236+2407+58
wm geometry .sigmgr 467x236+2355+40
wm geometry .sigmgr 467x236+2305+24
wm geometry .sigmgr 467x236+2265+24
wm geometry .sigmgr 467x236+2234+24
wm geometry .sigmgr 467x236+2215+24
wm geometry .sigmgr 467x236+2210+24
wm geometry .sigmgr 467x236+2208+24
wm geometry .sigmgr 467x236+2206+24
wm geometry .sigmgr 467x236+2205+24
wm geometry .sigmgr 467x236+2206+24
wm geometry .sigmgr 467x236+2207+24
wm geometry .sigmgr 467x236+2210+24
wm geometry .sigmgr 467x236+2220+26
wm geometry .sigmgr 467x236+2242+45
wm geometry .sigmgr 467x236+2280+73
wm geometry .sigmgr 467x236+2326+101
wm geometry .sigmgr 467x236+2359+119
wm geometry .sigmgr 467x236+2385+135
wm geometry .sigmgr 467x236+2416+147
wm geometry .sigmgr 467x236+2441+156
wm geometry .sigmgr 467x236+2469+164
wm geometry .sigmgr 467x236+2507+173
wm geometry .sigmgr 467x236+2529+177
wm geometry .sigmgr 467x236+2556+181
wm geometry .sigmgr 467x236+2580+184
wm geometry .sigmgr 467x236+2597+187
wm geometry .sigmgr 467x236+2608+188
wm geometry .sigmgr 467x236+2617+189
wm geometry .sigmgr 467x236+2635+192
wm geometry .sigmgr 467x236+2649+193
wm geometry .sigmgr 467x236+2667+195
wm geometry .sigmgr 467x236+2684+195
wm geometry .sigmgr 467x236+2703+195
wm geometry .sigmgr 467x236+2726+187
wm geometry .sigmgr 467x236+2769+171
wm geometry .sigmgr 467x236+2811+151
wm geometry .sigmgr 467x236+2857+127
wm geometry .sigmgr 467x236+2890+112
wm geometry .sigmgr 467x236+2899+106
wm geometry .sigmgr 467x236+2903+104
wm geometry .sigmgr 467x236+2904+104
wm geometry .sigmgr 467x236+2905+103
wm geometry .sigmgr 467x236+2906+103
wm geometry .sigmgr 467x236+2907+102
wm geometry .sigmgr 467x236+2908+102
wm geometry .sigmgr 467x236+2910+102
wm geometry .sigmgr 467x236+2921+106
wm geometry .sigmgr 467x236+2954+113
wm geometry .sigmgr 467x236+2985+117
wm geometry .sigmgr 467x236+3016+118
wm geometry .sigmgr 467x236+3070+118
wm geometry .sigmgr 467x236+3132+110
wm geometry .sigmgr 467x236+3200+86
wm geometry .sigmgr 467x236+3262+72
wm geometry .sigmgr 467x236+3318+66
wm geometry .sigmgr 467x236+3359+63
wm geometry .sigmgr 467x236+3363+63
wm geometry .sigmgr 467x236+3363+62
wm geometry .sigmgr 467x236+3363+61
wm geometry .sigmgr 467x236+3363+60
wm geometry .sigmgr 467x236+3363+59
wm geometry .sigmgr 467x236+3363+60
wm geometry .sigmgr 467x236+3363+62
wm geometry .sigmgr._PF:1 518x739+2921+497
wm geometry .sigmgr._PF:1 518x739+2936+491
wm geometry .sigmgr._PF:1 518x739+2955+484
wm geometry .sigmgr._PF:1 518x739+2978+474
wm geometry .sigmgr._PF:1 518x739+3027+456
wm geometry .sigmgr._PF:1 518x739+3067+446
wm geometry .sigmgr._PF:1 518x739+3103+437
wm geometry .sigmgr._PF:1 518x739+3134+431
wm geometry .sigmgr._PF:1 518x739+3155+423
wm geometry .sigmgr._PF:1 518x739+3166+419
wm geometry .sigmgr._PF:1 518x739+3172+417
wm geometry .sigmgr._PF:1 518x739+3180+415
wm geometry .sigmgr._PF:1 518x739+3195+411
wm geometry .sigmgr._PF:1 518x739+3220+408
wm geometry .sigmgr._PF:1 518x739+3245+405
wm geometry .sigmgr._PF:1 518x739+3263+402
wm geometry .sigmgr._PF:1 518x739+3278+397
wm geometry .sigmgr._PF:1 518x739+3285+396
wm geometry .sigmgr._PF:1 518x739+3287+395
wm geometry .sigmgr._PF:1 518x739+3288+394
wm geometry .sigmgr._PF:1 518x739+3292+392
wm geometry .sigmgr._PF:1 518x739+3296+391
wm geometry .sigmgr._PF:1 518x739+3302+390
wm geometry .sigmgr._PF:1 518x739+3306+389
wm geometry .sigmgr._PF:1 518x739+3309+387
wm geometry .sigmgr._PF:1 518x739+3312+385
wm geometry .sigmgr._PF:1 518x739+3312+381
wm geometry .sigmgr._PF:1 518x739+3312+377
wm geometry .sigmgr._PF:1 518x739+3312+374
wm geometry .sigmgr._PF:1 518x739+3312+370
wm geometry .sigmgr._PF:1 518x739+3312+368
wm geometry .sigmgr._PF:1 518x739+3312+365
wm geometry .sigmgr._PF:1 518x739+3312+363
wm geometry .sigmgr._PF:1 518x739+3312+360
wm geometry .sigmgr._PF:1 518x739+3312+358
wm geometry .sigmgr._PF:1 518x739+3312+356
wm geometry .sigmgr._PF:1 518x739+3312+354
wm geometry .sigmgr._PF:1 518x739+3312+352
wm geometry .sigmgr._PF:1 518x739+3312+350
wm geometry .sigmgr._PF:1 518x739+3312+348
wm geometry .sigmgr._PF:1 518x739+3312+346
wm geometry .sigmgr._PF:1 518x739+3312+345
wm geometry .sigmgr._PF:1 518x739+3312+344
wm geometry .sigmgr._PF:1 518x739+3312+342
wm geometry .sigmgr._PF:1 518x739+3312+341
wm geometry .sigmgr._PF:1 518x739+3312+340
wm geometry .sigmgr._PF:1 518x739+3312+339
wm geometry .sigmgr._PF:1 518x739+3312+338
wm geometry .sigmgr._PF:1 518x739+3312+337
wm geometry .sigmgr._PF:1 518x739+3312+336
wm geometry .sigmgr._PF:1 518x739+3312+335
wm geometry .sigmgr._PF:1 518x739+3312+333
wm geometry .sigmgr._PF:1 518x739+3312+331
wm geometry .sigmgr._PF:1 514x739+3316+331
wm geometry .sigmgr._PF:1 512x739+3318+331
wm geometry .sigmgr._PF:1 511x739+3319+331
wm geometry .sigmgr._PF:1 508x739+3322+331
wm geometry .sigmgr._PF:1 505x739+3325+331
wm geometry .sigmgr._PF:1 503x739+3327+331
wm geometry .sigmgr._PF:1 502x739+3328+331
wm geometry .sigmgr._PF:1 500x739+3330+331
wm geometry .sigmgr._PF:1 498x739+3332+331
wm geometry .sigmgr._PF:1 496x739+3334+331
wm geometry .sigmgr._PF:1 494x739+3336+331
wm geometry .sigmgr._PF:1 491x739+3339+331
wm geometry .sigmgr._PF:1 489x739+3341+331
wm geometry .sigmgr._PF:1 487x739+3343+331
wm geometry .sigmgr._PF:1 486x739+3344+331
wm geometry .sigmgr._PF:1 485x739+3345+331
wm geometry .sigmgr._PF:1 484x739+3346+331
wm geometry .sigmgr._PF:1 483x739+3347+331
wm geometry .sigmgr._PF:1 481x739+3349+331
wm geometry .sigmgr._PF:1 478x739+3352+331
wm geometry .sigmgr._PF:1 477x739+3353+331
wm geometry .sigmgr._PF:1 476x739+3354+331
wm geometry .sigmgr._PF:1 475x739+3355+331
wm geometry .sigmgr._PF:1 474x739+3356+331
wm geometry .sigmgr._PF:1 473x739+3357+331
wm geometry .sigmgr._PF:1 470x739+3360+331
wm geometry .sigmgr._PF:1 467x739+3363+331
wm geometry .sigmgr._PF:1 465x739+3365+331
wm geometry .sigmgr._PF:1 464x739+3366+331
wm geometry .sigmgr._PF:1 463x739+3367+331
wm geometry .sigmgr._PF:1 460x739+3370+331
wm geometry .sigmgr._PF:1 458x739+3372+331
wm geometry .sigmgr._PF:1 457x739+3373+331
wm geometry .sigmgr._PF:1 456x739+3374+331
wm geometry .sigmgr._PF:1 455x739+3375+331
wm geometry .sigmgr._PF:1 454x739+3376+331
wm geometry .sigmgr._PF:1 455x739+3375+331
wm geometry .sigmgr._PF:1 456x739+3374+331
wm geometry .sigmgr._PF:1 457x739+3373+331
wm geometry .sigmgr._PF:1 458x739+3372+331
wm geometry .sigmgr._PF:1 459x739+3371+331
wm geometry .sigmgr._PF:1 460x739+3370+331
wm geometry .sigmgr._PF:1 461x739+3369+331
wm geometry .sigmgr._PF:1 462x739+3368+331
wm geometry .sigmgr._PF:1 461x739+3369+331
Mdi:ArrangeIcons
wm geometry . 2200x2031+1202+24
Mdi:ArrangeIcons
wm geometry . 2200x2031+995+159
Mdi:ArrangeIcons
Mdi:ArrangeIcons
Mdi:ArrangeIcons
Mdi:ArrangeIcons
wm geometry . 2200x2031+994+159
Mdi:ArrangeIcons
wm geometry . 2200x2031+989+160
Mdi:ArrangeIcons
wm geometry . 2200x2031+986+161
Mdi:ArrangeIcons
wm geometry . 2200x2031+981+162
Mdi:ArrangeIcons
wm geometry . 2200x2031+975+163
Mdi:ArrangeIcons
wm geometry . 2200x2031+969+164
Mdi:ArrangeIcons
wm geometry . 2200x2031+963+165
Mdi:ArrangeIcons
wm geometry . 2200x2031+958+166
Mdi:ArrangeIcons
wm geometry . 2200x2031+953+167
Mdi:ArrangeIcons
wm geometry . 2200x2031+949+168
Mdi:ArrangeIcons
wm geometry . 2200x2031+946+168
Mdi:ArrangeIcons
wm geometry . 2200x2031+943+169
Mdi:ArrangeIcons
wm geometry . 2200x2031+941+169
Mdi:ArrangeIcons
wm geometry . 2200x2031+938+170
Mdi:ArrangeIcons
wm geometry . 2200x2031+936+170
Mdi:ArrangeIcons
wm geometry . 2200x2031+934+170
Mdi:ArrangeIcons
wm geometry . 2200x2031+932+170
Mdi:ArrangeIcons
wm geometry . 2200x2031+929+170
Mdi:ArrangeIcons
wm geometry . 2200x2031+927+168
Mdi:ArrangeIcons
wm geometry . 2200x2031+919+164
Mdi:ArrangeIcons
wm geometry . 2200x2031+911+157
Mdi:ArrangeIcons
wm geometry . 2200x2031+899+148
Mdi:ArrangeIcons
wm geometry . 2200x2031+870+126
Mdi:ArrangeIcons
wm geometry . 2200x2031+844+103
Mdi:ArrangeIcons
wm geometry . 2200x2031+824+89
Mdi:ArrangeIcons
wm geometry . 2200x2031+805+78
Mdi:ArrangeIcons
wm geometry . 2200x2031+798+73
Mdi:ArrangeIcons
wm geometry . 2200x2031+790+68
Mdi:ArrangeIcons
wm geometry . 2200x2031+780+60
Mdi:ArrangeIcons
wm geometry . 2200x2031+771+56
Mdi:ArrangeIcons
wm geometry . 2200x2031+761+50
Mdi:ArrangeIcons
wm geometry . 2200x2031+757+48
Mdi:ArrangeIcons
wm geometry . 2200x2031+755+47
Mdi:ArrangeIcons
wm geometry . 2200x2031+753+46
Mdi:ArrangeIcons
wm geometry . 2200x2031+751+45
Mdi:ArrangeIcons
wm geometry . 2200x2031+746+43
Mdi:ArrangeIcons
wm geometry . 2200x2031+739+40
Mdi:ArrangeIcons
wm geometry . 2200x2031+727+37
Mdi:ArrangeIcons
wm geometry . 2200x2031+720+36
Mdi:ArrangeIcons
wm geometry . 2200x2031+711+36
Mdi:ArrangeIcons
wm geometry . 2200x2031+702+35
Mdi:ArrangeIcons
wm geometry . 2200x2031+691+34
Mdi:ArrangeIcons
wm geometry . 2200x2031+675+31
Mdi:ArrangeIcons
wm geometry . 2200x2031+664+30
Mdi:ArrangeIcons
wm geometry . 2200x2031+651+30
Mdi:ArrangeIcons
wm geometry . 2200x2031+639+29
Mdi:ArrangeIcons
wm geometry . 2200x2031+623+29
Mdi:ArrangeIcons
wm geometry . 2200x2031+600+27
Mdi:ArrangeIcons
wm geometry . 2200x2031+573+27
Mdi:ArrangeIcons
wm geometry . 2200x2031+525+25
Mdi:ArrangeIcons
wm geometry . 2200x2031+498+24
Mdi:ArrangeIcons
wm geometry . 2200x2031+471+24
Mdi:ArrangeIcons
wm geometry . 2200x2031+456+24
Mdi:ArrangeIcons
wm geometry . 2200x2031+433+24
Mdi:ArrangeIcons
wm geometry . 2200x2031+411+24
Mdi:ArrangeIcons
wm geometry . 2200x2031+389+24
Mdi:ArrangeIcons
wm geometry . 2200x2031+370+24
Mdi:ArrangeIcons
wm geometry . 2200x2031+351+24
Mdi:ArrangeIcons
wm geometry . 2200x2031+330+24
Mdi:ArrangeIcons
wm geometry . 2200x2031+315+24
Mdi:ArrangeIcons
wm geometry . 2200x2031+298+24
Mdi:ArrangeIcons
wm geometry . 2200x2031+273+24
Mdi:ArrangeIcons
wm geometry . 2200x2031+262+24
Mdi:ArrangeIcons
wm geometry . 2200x2031+253+24
Mdi:ArrangeIcons
wm geometry . 2200x2031+243+24
Mdi:ArrangeIcons
wm geometry . 2200x2031+230+24
Mdi:ArrangeIcons
wm geometry . 2200x2031+219+24
Mdi:ArrangeIcons
wm geometry . 2200x2031+211+24
Mdi:ArrangeIcons
wm geometry . 2200x2031+205+24
Mdi:ArrangeIcons
wm geometry . 2200x2031+199+24
Mdi:ArrangeIcons
wm geometry . 2200x2031+192+24
Mdi:ArrangeIcons
wm geometry . 2200x2031+178+24
Mdi:ArrangeIcons
wm geometry . 2200x2031+153+24
Mdi:ArrangeIcons
wm geometry . 2200x2031+90+24
Mdi:ArrangeIcons
wm geometry . 2200x2031+48+24
Mdi:ArrangeIcons
wm geometry . 2200x2031+6+24
Mdi:ArrangeIcons
wm geometry . 2200x2031+-10+24
Mdi:ArrangeIcons
wm geometry . 2200x2031+-57+24
Mdi:ArrangeIcons
wm geometry . 2200x2031+-79+24
Mdi:ArrangeIcons
wm geometry . 2200x2031+-92+24
Mdi:ArrangeIcons
wm geometry . 2200x2031+-97+24
Mdi:ArrangeIcons
wm geometry . 2200x2031+-107+24
Mdi:ArrangeIcons
wm geometry . 2200x2031+-114+24
Mdi:ArrangeIcons
wm geometry . 2200x2031+-118+24
Mdi:ArrangeIcons
wm geometry . 2200x2031+-121+24
Mdi:ArrangeIcons
wm geometry . 2200x2031+-126+24
Mdi:ArrangeIcons
wm geometry . 2200x2031+-129+24
Mdi:ArrangeIcons
wm geometry . 2200x2031+-132+24
Mdi:ArrangeIcons
wm geometry . 2200x2031+-135+24
Mdi:ArrangeIcons
wm geometry . 2200x2031+-136+24
Mdi:ArrangeIcons
wm geometry . 2200x2031+-137+24
Mdi:ArrangeIcons
wm geometry . 2200x2031+-138+24
Mdi:ArrangeIcons
wm geometry . 2200x2031+-136+24
Mdi:ArrangeIcons
wm geometry . 2200x2031+-129+24
Mdi:ArrangeIcons
wm geometry . 2200x2031+-121+24
Mdi:ArrangeIcons
wm geometry . 2200x2031+-110+24
Mdi:ArrangeIcons
wm geometry . 2200x2031+-96+24
Mdi:ArrangeIcons
wm geometry . 2200x2031+-84+24
Mdi:ArrangeIcons
wm geometry . 2200x2031+-77+24
Mdi:ArrangeIcons
wm geometry . 2200x2031+-73+24
Mdi:ArrangeIcons
wm geometry . 2200x2031+-65+24
Mdi:ArrangeIcons
wm geometry . 2200x2031+-60+24
Mdi:ArrangeIcons
wm geometry . 2200x2031+-56+24
Mdi:ArrangeIcons
wm geometry . 2200x2031+-50+24
Mdi:ArrangeIcons
wm geometry . 2200x2031+-46+24
Mdi:ArrangeIcons
wm geometry . 2200x2031+-44+24
Mdi:ArrangeIcons
wm geometry . 2200x2031+-42+24
Mdi:ArrangeIcons
wm geometry . 2200x2031+-41+25
Mdi:ArrangeIcons
wm geometry . 2200x2031+-40+27
Mdi:ArrangeIcons
wm geometry . 2200x2031+-38+29
Mdi:ArrangeIcons
wm geometry . 2200x2031+-37+32
Mdi:ArrangeIcons
wm geometry . 2200x2031+-35+36
Mdi:ArrangeIcons
wm geometry . 2200x2031+-35+38
Mdi:ArrangeIcons
wm geometry . 2200x2031+-35+41
Mdi:ArrangeIcons
wm geometry . 2200x2031+-34+45
Mdi:ArrangeIcons
wm geometry . 2200x2031+-33+49
Mdi:ArrangeIcons
wm geometry . 2200x2031+-32+51
Mdi:ArrangeIcons
wm geometry . 2200x2031+-31+51
Mdi:ArrangeIcons
wm geometry . 2200x2031+-29+51
Mdi:ArrangeIcons
wm geometry . 2200x2031+-24+51
Mdi:ArrangeIcons
wm geometry . 2200x2031+-16+51
Mdi:ArrangeIcons
wm geometry . 2200x2031+-5+47
Mdi:ArrangeIcons
wm geometry . 2200x2031+12+39
Mdi:ArrangeIcons
wm geometry . 2200x2031+30+32
Mdi:ArrangeIcons
wm geometry . 2200x2031+40+28
Mdi:ArrangeIcons
wm geometry . 2200x2031+44+26
Mdi:ArrangeIcons
wm geometry . 2200x2031+45+25
Mdi:ArrangeIcons
wm geometry . 2200x2031+43+26
Mdi:ArrangeIcons
wm geometry . 2200x2031+39+28
Mdi:ArrangeIcons
wm geometry . 2200x2031+34+31
Mdi:ArrangeIcons
wm geometry . 2200x2031+28+35
Mdi:ArrangeIcons
wm geometry . 2200x2031+24+37
Mdi:ArrangeIcons
wm geometry . 2200x2031+22+38
Mdi:ArrangeIcons
wm geometry . 2200x2031+19+40
Mdi:ArrangeIcons
wm geometry . 2200x2031+18+40
Mdi:ArrangeIcons
wm geometry . 2200x2031+17+41
Mdi:ArrangeIcons
wm geometry . 2200x2031+16+41
Mdi:ArrangeIcons
wm geometry . 2200x2031+15+40
Mdi:ArrangeIcons
wm geometry . 2200x2031+11+38
Mdi:ArrangeIcons
wm geometry . 2200x2031+6+34
Mdi:ArrangeIcons
wm geometry . 2200x2031+2+31
Mdi:ArrangeIcons
wm geometry . 2200x2031+-1+29
Mdi:ArrangeIcons
wm geometry . 2200x2031+-3+28
Mdi:ArrangeIcons
wm geometry . 2200x2031+-4+27
Mdi:ArrangeIcons
wm geometry . 2200x2031+-5+27
Mdi:ArrangeIcons
wm geometry . 2200x2031+-6+26
Mdi:ArrangeIcons
wm geometry . 2200x2031+-7+25
Mdi:ArrangeIcons
wm geometry . 2200x2031+-8+25
Mdi:ArrangeIcons
wm geometry . 2200x2031+-9+24
Mdi:ArrangeIcons
wm geometry . 2200x2031+-10+24
Mdi:ArrangeIcons
wm geometry . 2201x2031+-10+24
Mdi:ArrangeIcons
wm geometry . 2386x2031+-10+24
Mdi:ArrangeIcons
wm geometry . 2766x2031+-10+24
Mdi:ArrangeIcons
wm geometry . 2953x2031+-10+24
Mdi:ArrangeIcons
wm geometry . 3053x2031+-10+24
Mdi:ArrangeIcons
wm geometry . 3104x2031+-10+24
Mdi:ArrangeIcons
wm geometry . 3193x2031+-10+24
Mdi:ArrangeIcons
wm geometry . 3317x2031+-10+24
Mdi:ArrangeIcons
wm geometry . 3345x2031+-10+24
Mdi:ArrangeIcons
wm geometry . 3351x2031+-10+24
Mdi:ArrangeIcons
wm geometry . 3363x2031+-10+24
Mdi:ArrangeIcons
wm geometry . 3364x2031+-10+24
Mdi:ArrangeIcons
wm geometry . 3364x2031+-9+24
Mdi:ArrangeIcons
wm geometry . 3364x2031+-8+24
Mdi:ArrangeIcons
wm geometry . 3364x2031+-6+24
Mdi:ArrangeIcons
wm geometry . 3364x2031+-1+24
Mdi:ArrangeIcons
wm geometry . 3364x2031+2+24
Mdi:ArrangeIcons
wm geometry . 3364x2031+4+24
Mdi:ArrangeIcons
wm geometry . 3364x2031+6+24
Mdi:ArrangeIcons
wm geometry . 3364x2031+8+24
Mdi:ArrangeIcons
wm geometry . 3364x2031+10+24
Mdi:ArrangeIcons
wm geometry . 3364x2031+12+24
Mdi:ArrangeIcons
wm geometry . 3364x2031+14+24
Mdi:ArrangeIcons
wm geometry . 3364x2031+15+24
Mdi:ArrangeIcons
wm geometry . 3364x2031+16+24
Mdi:ArrangeIcons
wm geometry . 3364x2031+18+24
Mdi:ArrangeIcons
wm geometry . 3364x2031+23+24
Mdi:ArrangeIcons
wm geometry . 3364x2031+27+24
Mdi:ArrangeIcons
wm geometry . 3364x2031+31+25
Mdi:ArrangeIcons
wm geometry . 3364x2031+36+25
Mdi:ArrangeIcons
wm geometry . 3364x2031+40+25
Mdi:ArrangeIcons
wm geometry . 3364x2031+46+25
Mdi:ArrangeIcons
wm geometry . 3364x2031+54+24
Mdi:ArrangeIcons
wm geometry . 3364x2031+71+24
